This is XeTeX, Version 3.141592653-2.6-0.999995 (TeX Live 2023) (preloaded format=xelatex 2023.6.25)  6 MAY 2024 08:24
entering extended mode
 restricted \write18 enabled.
 %&-line parsing enabled.
**thesis.tex
(./thesis.tex
LaTeX2e <2023-06-01> patch level 1
L3 programming layer <2023-06-16>
(c:/texlive/2023/texmf-dist/tex/latex/base/book.cls
Document Class: book 2023/05/17 v1.4n Standard LaTeX document class
(c:/texlive/2023/texmf-dist/tex/latex/base/bk12.clo
File: bk12.clo 2023/05/17 v1.4n Standard LaTeX file (size option)
)
\c@part=\count181
\c@chapter=\count182
\c@section=\count183
\c@subsection=\count184
\c@subsubsection=\count185
\c@paragraph=\count186
\c@subparagraph=\count187
\c@figure=\count188
\c@table=\count189
\abovecaptionskip=\skip48
\belowcaptionskip=\skip49
\bibindent=\dimen140
) (./styles/common.tex
(c:/texlive/2023/texmf-dist/tex/latex/zref/zref-abspage.sty
Package: zref-abspage 2022-04-07 v2.34 Module abspage for zref (HO)

(c:/texlive/2023/texmf-dist/tex/latex/zref/zref-base.sty
Package: zref-base 2022-04-07 v2.34 Module base for zref (HO)

(c:/texlive/2023/texmf-dist/tex/generic/ltxcmds/ltxcmds.sty
Package: ltxcmds 2020-05-10 v1.25 LaTeX kernel commands for general use (HO)
)
(c:/texlive/2023/texmf-dist/tex/generic/infwarerr/infwarerr.sty
Package: infwarerr 2019/12/03 v1.5 Providing info/warning/error messages (HO)
)
(c:/texlive/2023/texmf-dist/tex/latex/kvsetkeys/kvsetkeys.sty
Package: kvsetkeys 2022-10-05 v1.19 Key value parser (HO)
)
(c:/texlive/2023/texmf-dist/tex/generic/kvdefinekeys/kvdefinekeys.sty
Package: kvdefinekeys 2019-12-19 v1.6 Define keys (HO)
)
(c:/texlive/2023/texmf-dist/tex/generic/pdftexcmds/pdftexcmds.sty
Package: pdftexcmds 2020-06-27 v0.33 Utility functions of pdfTeX for LuaTeX (HO
)

(c:/texlive/2023/texmf-dist/tex/generic/iftex/iftex.sty
Package: iftex 2022/02/03 v1.0f TeX engine tests
)
Package pdftexcmds Info: \pdf@primitive is available.
Package pdftexcmds Info: \pdf@ifprimitive is available.
Package pdftexcmds Info: \pdfdraftmode not found.
)
(c:/texlive/2023/texmf-dist/tex/generic/etexcmds/etexcmds.sty
Package: etexcmds 2019/12/15 v1.7 Avoid name clashes with e-TeX commands (HO)
)
(c:/texlive/2023/texmf-dist/tex/latex/auxhook/auxhook.sty
Package: auxhook 2019-12-17 v1.6 Hooks for auxiliary files (HO)
)
Package zref Info: New property list: main on input line 767.
Package zref Info: New property: default on input line 768.
Package zref Info: New property: page on input line 769.
)
(c:/texlive/2023/texmf-dist/tex/latex/base/atbegshi-ltx.sty
Package: atbegshi-ltx 2021/01/10 v1.0c Emulation of the original atbegshi
package with kernel methods
)
\c@abspage=\count190
Package zref Info: New property: abspage on input line 65.
)
(c:/texlive/2023/texmf-dist/tex/latex/titlesec/titlesec.sty
Package: titlesec 2021/07/05 v2.14 Sectioning titles
\ttl@box=\box51
\beforetitleunit=\skip50
\aftertitleunit=\skip51
\ttl@plus=\dimen141
\ttl@minus=\dimen142
\ttl@toksa=\toks17
\titlewidth=\dimen143
\titlewidthlast=\dimen144
\titlewidthfirst=\dimen145
)
(c:/texlive/2023/texmf-dist/tex/latex/amsfonts/amssymb.sty
Package: amssymb 2013/01/14 v3.01 AMS font symbols

(c:/texlive/2023/texmf-dist/tex/latex/amsfonts/amsfonts.sty
Package: amsfonts 2013/01/14 v3.01 Basic AMSFonts support
\@emptytoks=\toks18
\symAMSa=\mathgroup4
\symAMSb=\mathgroup5
LaTeX Font Info:    Redeclaring math symbol \hbar on input line 98.
LaTeX Font Info:    Overwriting math alphabet `\mathfrak' in version `bold'
(Font)                  U/euf/m/n --> U/euf/b/n on input line 106.
))
(c:/texlive/2023/texmf-dist/tex/latex/amsmath/amsmath.sty
Package: amsmath 2023/05/13 v2.17o AMS math features
\@mathmargin=\skip52

For additional information on amsmath, use the `?' option.
(c:/texlive/2023/texmf-dist/tex/latex/amsmath/amstext.sty
Package: amstext 2021/08/26 v2.01 AMS text

(c:/texlive/2023/texmf-dist/tex/latex/amsmath/amsgen.sty
File: amsgen.sty 1999/11/30 v2.0 generic functions
\@emptytoks=\toks19
\ex@=\dimen146
))
(c:/texlive/2023/texmf-dist/tex/latex/amsmath/amsbsy.sty
Package: amsbsy 1999/11/29 v1.2d Bold Symbols
\pmbraise@=\dimen147
)
(c:/texlive/2023/texmf-dist/tex/latex/amsmath/amsopn.sty
Package: amsopn 2022/04/08 v2.04 operator names
)
\inf@bad=\count191
LaTeX Info: Redefining \frac on input line 234.
\uproot@=\count192
\leftroot@=\count193
LaTeX Info: Redefining \overline on input line 399.
LaTeX Info: Redefining \colon on input line 410.
\classnum@=\count194
\DOTSCASE@=\count195
LaTeX Info: Redefining \ldots on input line 496.
LaTeX Info: Redefining \dots on input line 499.
LaTeX Info: Redefining \cdots on input line 620.
\Mathstrutbox@=\box52
\strutbox@=\box53
LaTeX Info: Redefining \big on input line 722.
LaTeX Info: Redefining \Big on input line 723.
LaTeX Info: Redefining \bigg on input line 724.
LaTeX Info: Redefining \Bigg on input line 725.
\big@size=\dimen148
LaTeX Font Info:    Redeclaring font encoding OML on input line 743.
LaTeX Font Info:    Redeclaring font encoding OMS on input line 744.
\macc@depth=\count196
LaTeX Info: Redefining \bmod on input line 905.
LaTeX Info: Redefining \pmod on input line 910.
LaTeX Info: Redefining \smash on input line 940.
LaTeX Info: Redefining \relbar on input line 970.
LaTeX Info: Redefining \Relbar on input line 971.
\c@MaxMatrixCols=\count197
\dotsspace@=\muskip16
\c@parentequation=\count198
\dspbrk@lvl=\count199
\tag@help=\toks20
\row@=\count266
\column@=\count267
\maxfields@=\count268
\andhelp@=\toks21
\eqnshift@=\dimen149
\alignsep@=\dimen150
\tagshift@=\dimen151
\tagwidth@=\dimen152
\totwidth@=\dimen153
\lineht@=\dimen154
\@envbody=\toks22
\multlinegap=\skip53
\multlinetaggap=\skip54
\mathdisplay@stack=\toks23
LaTeX Info: Redefining \[ on input line 2953.
LaTeX Info: Redefining \] on input line 2954.
)
(c:/texlive/2023/texmf-dist/tex/latex/hyperref/hyperref.sty
Package: hyperref 2023-05-16 v7.00y Hypertext links for LaTeX

(c:/texlive/2023/texmf-dist/tex/latex/graphics/keyval.sty
Package: keyval 2022/05/29 v1.15 key=value parser (DPC)
\KV@toks@=\toks24
)
(c:/texlive/2023/texmf-dist/tex/generic/pdfescape/pdfescape.sty
Package: pdfescape 2019/12/09 v1.15 Implements pdfTeX's escape features (HO)
)
(c:/texlive/2023/texmf-dist/tex/latex/hycolor/hycolor.sty
Package: hycolor 2020-01-27 v1.10 Color options for hyperref/bookmark (HO)
)
(c:/texlive/2023/texmf-dist/tex/latex/letltxmacro/letltxmacro.sty
Package: letltxmacro 2019/12/03 v1.6 Let assignment for LaTeX macros (HO)
)
(c:/texlive/2023/texmf-dist/tex/latex/hyperref/nameref.sty
Package: nameref 2023-05-16 v2.51 Cross-referencing by name of section

(c:/texlive/2023/texmf-dist/tex/latex/refcount/refcount.sty
Package: refcount 2019/12/15 v3.6 Data extraction from label references (HO)
)
(c:/texlive/2023/texmf-dist/tex/generic/gettitlestring/gettitlestring.sty
Package: gettitlestring 2019/12/15 v1.6 Cleanup title references (HO)

(c:/texlive/2023/texmf-dist/tex/latex/kvoptions/kvoptions.sty
Package: kvoptions 2022-06-15 v3.15 Key value format for package options (HO)
))
\c@section@level=\count269
)
(c:/texlive/2023/texmf-dist/tex/latex/etoolbox/etoolbox.sty
Package: etoolbox 2020/10/05 v2.5k e-TeX tools for LaTeX (JAW)
\etb@tempcnta=\count270
)
\@linkdim=\dimen155
\Hy@linkcounter=\count271
\Hy@pagecounter=\count272

(c:/texlive/2023/texmf-dist/tex/latex/hyperref/pd1enc.def
File: pd1enc.def 2023-05-16 v7.00y Hyperref: PDFDocEncoding definition (HO)
)
(c:/texlive/2023/texmf-dist/tex/generic/intcalc/intcalc.sty
Package: intcalc 2019/12/15 v1.3 Expandable calculations with integers (HO)
)
\Hy@SavedSpaceFactor=\count273

(c:/texlive/2023/texmf-dist/tex/latex/hyperref/puenc.def
File: puenc.def 2023-05-16 v7.00y Hyperref: PDF Unicode definition (HO)
)
Package hyperref Info: Option `colorlinks' set `true' on input line 4050.
Package hyperref Info: Hyper figures OFF on input line 4167.
Package hyperref Info: Link nesting OFF on input line 4172.
Package hyperref Info: Hyper index ON on input line 4175.
Package hyperref Info: Plain pages OFF on input line 4182.
Package hyperref Info: Backreferencing OFF on input line 4187.
Package hyperref Info: Implicit mode ON; LaTeX internals redefined.
Package hyperref Info: Bookmarks ON on input line 4434.
\c@Hy@tempcnt=\count274

(c:/texlive/2023/texmf-dist/tex/latex/url/url.sty
\Urlmuskip=\muskip17
Package: url 2013/09/16  ver 3.4  Verb mode for urls, etc.
)
LaTeX Info: Redefining \url on input line 4772.
\XeTeXLinkMargin=\dimen156

(c:/texlive/2023/texmf-dist/tex/generic/bitset/bitset.sty
Package: bitset 2019/12/09 v1.3 Handle bit-vector datatype (HO)

(c:/texlive/2023/texmf-dist/tex/generic/bigintcalc/bigintcalc.sty
Package: bigintcalc 2019/12/15 v1.5 Expandable calculations on big integers (HO
)
))
\Fld@menulength=\count275
\Field@Width=\dimen157
\Fld@charsize=\dimen158
Package hyperref Info: Hyper figures OFF on input line 6051.
Package hyperref Info: Link nesting OFF on input line 6056.
Package hyperref Info: Hyper index ON on input line 6059.
Package hyperref Info: backreferencing OFF on input line 6066.
Package hyperref Info: Link coloring ON on input line 6069.
Package hyperref Info: Link coloring with OCG OFF on input line 6076.
Package hyperref Info: PDF/A mode OFF on input line 6081.
\Hy@abspage=\count276
\c@Item=\count277
\c@Hfootnote=\count278
)
Package hyperref Info: Driver (autodetected): hxetex.

(c:/texlive/2023/texmf-dist/tex/latex/hyperref/hxetex.def
File: hxetex.def 2023-05-16 v7.00y Hyperref driver for XeTeX

(c:/texlive/2023/texmf-dist/tex/generic/stringenc/stringenc.sty
Package: stringenc 2019/11/29 v1.12 Convert strings between diff. encodings (HO
)
)
\pdfm@box=\box54
\c@Hy@AnnotLevel=\count279
\HyField@AnnotCount=\count280
\Fld@listcount=\count281
\c@bookmark@seq@number=\count282

(c:/texlive/2023/texmf-dist/tex/latex/rerunfilecheck/rerunfilecheck.sty
Package: rerunfilecheck 2022-07-10 v1.10 Rerun checks for auxiliary files (HO)

(c:/texlive/2023/texmf-dist/tex/latex/base/atveryend-ltx.sty
Package: atveryend-ltx 2020/08/19 v1.0a Emulation of the original atveryend pac
kage
with kernel methods
)
(c:/texlive/2023/texmf-dist/tex/generic/uniquecounter/uniquecounter.sty
Package: uniquecounter 2019/12/15 v1.4 Provide unlimited unique counter (HO)
)
Package uniquecounter Info: New unique counter `rerunfilecheck' on input line 2
85.
)
\Hy@SectionHShift=\skip55
)
(c:/texlive/2023/texmf-dist/tex/latex/xcolor/xcolor.sty
Package: xcolor 2022/06/12 v2.14 LaTeX color extensions (UK)

(c:/texlive/2023/texmf-dist/tex/latex/graphics-cfg/color.cfg
File: color.cfg 2016/01/02 v1.6 sample color configuration
)
Package xcolor Info: Driver file: xetex.def on input line 227.

(c:/texlive/2023/texmf-dist/tex/latex/graphics-def/xetex.def
File: xetex.def 2022/09/22 v5.0n Graphics/color driver for xetex
)
(c:/texlive/2023/texmf-dist/tex/latex/graphics/mathcolor.ltx)
Package xcolor Info: Model `cmy' substituted by `cmy0' on input line 1353.
Package xcolor Info: Model `RGB' extended on input line 1369.
Package xcolor Info: Model `HTML' substituted by `rgb' on input line 1371.
Package xcolor Info: Model `Hsb' substituted by `hsb' on input line 1372.
Package xcolor Info: Model `tHsb' substituted by `hsb' on input line 1373.
Package xcolor Info: Model `HSB' substituted by `hsb' on input line 1374.
Package xcolor Info: Model `Gray' substituted by `gray' on input line 1375.
Package xcolor Info: Model `wave' substituted by `hsb' on input line 1376.
)
(c:/texlive/2023/texmf-dist/tex/latex/siunitx/siunitx.sty
Package: siunitx 2023-06-12 v3.2.6 A comprehensive (SI) units package
\l__siunitx_angle_tmp_dim=\dimen159
\l__siunitx_angle_marker_box=\box55
\l__siunitx_angle_unit_box=\box56
\l__siunitx_compound_count_int=\count283

(c:/texlive/2023/texmf-dist/tex/latex/translations/translations.sty
Package: translations 2022/02/05 v1.12 internationalization of LaTeX2e packages
 (CN)
)
\l__siunitx_number_exponent_fixed_int=\count284
\l__siunitx_number_min_decimal_int=\count285
\l__siunitx_number_min_integer_int=\count286
\l__siunitx_number_round_precision_int=\count287
\l__siunitx_number_lower_threshold_int=\count288
\l__siunitx_number_upper_threshold_int=\count289
\l__siunitx_number_group_first_int=\count290
\l__siunitx_number_group_size_int=\count291
\l__siunitx_number_group_minimum_int=\count292
\l__siunitx_table_tmp_box=\box57
\l__siunitx_table_tmp_dim=\dimen160
\l__siunitx_table_column_width_dim=\dimen161
\l__siunitx_table_integer_box=\box58
\l__siunitx_table_decimal_box=\box59
\l__siunitx_table_uncert_box=\box60
\l__siunitx_table_before_box=\box61
\l__siunitx_table_after_box=\box62
\l__siunitx_table_before_dim=\dimen162
\l__siunitx_table_carry_dim=\dimen163
\l__siunitx_unit_tmp_int=\count293
\l__siunitx_unit_position_int=\count294
\l__siunitx_unit_total_int=\count295

(c:/texlive/2023/texmf-dist/tex/latex/tools/array.sty
Package: array 2022/09/04 v2.5g Tabular extension package (FMi)
\col@sep=\dimen164
\ar@mcellbox=\box63
\extrarowheight=\dimen165
\NC@list=\toks25
\extratabsurround=\skip56
\backup@length=\skip57
\ar@cellbox=\box64
))
(c:/texlive/2023/texmf-dist/tex/latex/float/float.sty
Package: float 2001/11/08 v1.3d Float enhancements (AL)
\c@float@type=\count296
\float@exts=\toks26
\float@box=\box65
\@float@everytoks=\toks27
\@floatcapt=\box66
)
\@float@every@table=\toks28

(c:/texlive/2023/texmf-dist/tex/latex/enumitem/enumitem.sty
Package: enumitem 2019/06/20 v3.9 Customized lists
\labelindent=\skip58
\enit@outerparindent=\dimen166
\enit@toks=\toks29
\enit@inbox=\box67
\enit@count@id=\count297
\enitdp@description=\count298
)
(c:/texlive/2023/texmf-dist/tex/latex/graphics/graphicx.sty
Package: graphicx 2021/09/16 v1.2d Enhanced LaTeX Graphics (DPC,SPQR)

(c:/texlive/2023/texmf-dist/tex/latex/graphics/graphics.sty
Package: graphics 2022/03/10 v1.4e Standard LaTeX Graphics (DPC,SPQR)

(c:/texlive/2023/texmf-dist/tex/latex/graphics/trig.sty
Package: trig 2021/08/11 v1.11 sin cos tan (DPC)
)
(c:/texlive/2023/texmf-dist/tex/latex/graphics-cfg/graphics.cfg
File: graphics.cfg 2016/06/04 v1.11 sample graphics configuration
)
Package graphics Info: Driver file: xetex.def on input line 107.
)
\Gin@req@height=\dimen167
\Gin@req@width=\dimen168
)
(c:/texlive/2023/texmf-dist/tex/latex/subfig/subfig.sty
Package: subfig 2005/06/28 ver: 1.3 subfig package

(c:/texlive/2023/texmf-dist/tex/latex/caption/caption.sty
Package: caption 2023/03/12 v3.6j Customizing captions (AR)

(c:/texlive/2023/texmf-dist/tex/latex/caption/caption3.sty
Package: caption3 2023/03/12 v2.4 caption3 kernel (AR)
\caption@tempdima=\dimen169
\captionmargin=\dimen170
\caption@leftmargin=\dimen171
\caption@rightmargin=\dimen172
\caption@width=\dimen173
\caption@indent=\dimen174
\caption@parindent=\dimen175
\caption@hangindent=\dimen176
Package caption Info: Standard document class detected.
)
\c@caption@flags=\count299
\c@continuedfloat=\count300
Package caption Info: float package is loaded.
Package caption Info: hyperref package is loaded.
)
\c@KVtest=\count301
\sf@farskip=\skip59
\sf@captopadj=\dimen177
\sf@capskip=\skip60
\sf@nearskip=\skip61
\c@subfigure=\count302
\c@subfigure@save=\count303
\c@lofdepth=\count304
\c@subtable=\count305
\c@subtable@save=\count306
\c@lotdepth=\count307
\sf@top=\skip62
\sf@bottom=\skip63
)
(c:/texlive/2023/texmf-dist/tex/latex/wrapfig/wrapfig.sty
\wrapoverhang=\dimen178
\WF@size=\dimen179
\c@WF@wrappedlines=\count308
\WF@box=\box68
\WF@everypar=\toks30
Package: wrapfig 2003/01/31  v 3.6
)
(c:/texlive/2023/texmf-dist/tex/latex/caption/subcaption.sty
Package: subcaption 2023/02/19 v1.6 Sub-captions (AR)
LaTeX Info: Redefining \subref on input line 191.
Package subcaption Info: The counter `subfigure' was already defined by
(subcaption)             \newsubfloat (offered by the subfig package) on input 
line 239.
Package subcaption Info: The counter `subtable' was already defined by
(subcaption)             \newsubfloat (offered by the subfig package) on input 
line 239.
)
(c:/texlive/2023/texmf-dist/tex/latex/geometry/geometry.sty
Package: geometry 2020/01/02 v5.9 Page Geometry

(c:/texlive/2023/texmf-dist/tex/generic/iftex/ifvtex.sty
Package: ifvtex 2019/10/25 v1.7 ifvtex legacy package. Use iftex instead.
)
\Gm@cnth=\count309
\Gm@cntv=\count310
\c@Gm@tempcnt=\count311
\Gm@bindingoffset=\dimen180
\Gm@wd@mp=\dimen181
\Gm@odd@mp=\dimen182
\Gm@even@mp=\dimen183
\Gm@layoutwidth=\dimen184
\Gm@layoutheight=\dimen185
\Gm@layouthoffset=\dimen186
\Gm@layoutvoffset=\dimen187
\Gm@dimlist=\toks31
)
(c:/texlive/2023/texmf-dist/tex/latex/amsfonts/euscript.sty
Package: euscript 2009/06/22 v3.00 Euler Script fonts
LaTeX Font Info:    Overwriting math alphabet `\EuScript' in version `bold'
(Font)                  U/eus/m/n --> U/eus/b/n on input line 33.
)
(c:/texlive/2023/texmf-dist/tex/latex/tools/multicol.sty
Package: multicol 2023/03/30 v1.9f multicolumn formatting (FMi)
\c@tracingmulticols=\count312
\mult@box=\box69
\multicol@leftmargin=\dimen188
\c@unbalance=\count313
\c@collectmore=\count314
\doublecol@number=\count315
\multicoltolerance=\count316
\multicolpretolerance=\count317
\full@width=\dimen189
\page@free=\dimen190
\premulticols=\dimen191
\postmulticols=\dimen192
\multicolsep=\skip64
\multicolbaselineskip=\skip65
\partial@page=\box70
\last@line=\box71
\mc@boxedresult=\box72
\maxbalancingoverflow=\dimen193
\mult@rightbox=\box73
\mult@grightbox=\box74
\mult@firstbox=\box75
\mult@gfirstbox=\box76
\@tempa=\box77
\@tempa=\box78
\@tempa=\box79
\@tempa=\box80
\@tempa=\box81
\@tempa=\box82
\@tempa=\box83
\@tempa=\box84
\@tempa=\box85
\@tempa=\box86
\@tempa=\box87
\@tempa=\box88
\@tempa=\box89
\@tempa=\box90
\@tempa=\box91
\@tempa=\box92
\@tempa=\box93
\@tempa=\box94
\@tempa=\box95
\@tempa=\box96
\@tempa=\box97
\@tempa=\box98
\@tempa=\box99
\@tempa=\box100
\@tempa=\box101
\@tempa=\box102
\@tempa=\box103
\@tempa=\box104
\@tempa=\box105
\@tempa=\box106
\@tempa=\box107
\@tempa=\box108
\@tempa=\box109
\@tempa=\box110
\@tempa=\box111
\@tempa=\box112
\c@minrows=\count318
\c@columnbadness=\count319
\c@finalcolumnbadness=\count320
\last@try=\dimen194
\multicolovershoot=\dimen195
\multicolundershoot=\dimen196
\mult@nat@firstbox=\box113
\colbreak@box=\box114
\mc@col@check@num=\count321
)
(c:/texlive/2023/texmf-dist/tex/latex/multirow/multirow.sty
Package: multirow 2021/03/15 v2.8 Span multiple rows of a table
\multirow@colwidth=\skip66
\multirow@cntb=\count322
\multirow@dima=\skip67
\bigstrutjot=\dimen197
)
(c:/texlive/2023/texmf-dist/tex/latex/cite/cite.sty
LaTeX Info: Redefining \cite on input line 302.
LaTeX Info: Redefining \nocite on input line 332.
Package: cite 2015/02/27  v 5.5
)
(c:/texlive/2023/texmf-dist/tex/latex/bigfoot/perpage.sty
Package: perpage 2014/10/25 2.0 Reset/sort counters per page
)
(c:/texlive/2023/texmf-dist/tex/latex/comment/comment.sty
\CommentStream=\write3

Excluding comment 'comment')
(c:/texlive/2023/texmf-dist/tex/latex/adjustbox/adjustbox.sty
Package: adjustbox 2022/10/17 v1.3a Adjusting TeX boxes (trim, clip, ...)

(c:/texlive/2023/texmf-dist/tex/latex/xkeyval/xkeyval.sty
Package: xkeyval 2022/06/16 v2.9 package option processing (HA)

(c:/texlive/2023/texmf-dist/tex/generic/xkeyval/xkeyval.tex
(c:/texlive/2023/texmf-dist/tex/generic/xkeyval/xkvutils.tex
\XKV@toks=\toks32
\XKV@tempa@toks=\toks33
)
\XKV@depth=\count323
File: xkeyval.tex 2014/12/03 v2.7a key=value parser (HA)
))
(c:/texlive/2023/texmf-dist/tex/latex/adjustbox/adjcalc.sty
Package: adjcalc 2012/05/16 v1.1 Provides advanced setlength with multiple back
-ends (calc, etex, pgfmath)
)
(c:/texlive/2023/texmf-dist/tex/latex/adjustbox/trimclip.sty
Package: trimclip 2020/08/19 v1.2 Trim and clip general TeX material

(c:/texlive/2023/texmf-dist/tex/latex/collectbox/collectbox.sty
Package: collectbox 2022/10/17 v0.4c Collect macro arguments as boxes
\collectedbox=\box115
)
\tc@llx=\dimen198
\tc@lly=\dimen199
\tc@urx=\dimen256
\tc@ury=\dimen257
Package trimclip Info: Using driver 'tc-xetex.def'.

(c:/texlive/2023/texmf-dist/tex/latex/adjustbox/tc-xetex.def
File: tc-xetex.def 2019/01/04 v2.2 Clipping driver for xetex
))
\adjbox@Width=\dimen258
\adjbox@Height=\dimen259
\adjbox@Depth=\dimen260
\adjbox@Totalheight=\dimen261
\adjbox@pwidth=\dimen262
\adjbox@pheight=\dimen263
\adjbox@pdepth=\dimen264
\adjbox@ptotalheight=\dimen265

(c:/texlive/2023/texmf-dist/tex/latex/ifoddpage/ifoddpage.sty
Package: ifoddpage 2022/10/18 v1.2 Conditionals for odd/even page detection
\c@checkoddpage=\count324
)
(c:/texlive/2023/texmf-dist/tex/latex/varwidth/varwidth.sty
Package: varwidth 2009/03/30 ver 0.92;  Variable-width minipages
\@vwid@box=\box116
\sift@deathcycles=\count325
\@vwid@loff=\dimen266
\@vwid@roff=\dimen267
))
\c@pp@a@footnote=\count326

(c:/texlive/2023/texmf-dist/tex/latex/algorithmicx/algorithmicx.sty
Package: algorithmicx 2005/04/27 v1.2 Algorithmicx

(c:/texlive/2023/texmf-dist/tex/latex/base/ifthen.sty
Package: ifthen 2022/04/13 v1.1d Standard LaTeX ifthen package (DPC)
)
Document Style algorithmicx 1.2 - a greatly improved `algorithmic' style
\c@ALG@line=\count327
\c@ALG@rem=\count328
\c@ALG@nested=\count329
\ALG@tlm=\skip68
\ALG@thistlm=\skip69
\c@ALG@Lnr=\count330
\c@ALG@blocknr=\count331
\c@ALG@storecount=\count332
\c@ALG@tmpcounter=\count333
\ALG@tmplength=\skip70
) (c:/texlive/2023/texmf-dist/tex/latex/algorithms/algorithm.sty
Invalid UTF-8 byte or sequence at line 11 replaced by U+FFFD.
Package: algorithm 2009/08/24 v0.1 Document Style `algorithm' - floating enviro
nment
\@float@every@algorithm=\toks34
\c@algorithm=\count334
)
(c:/texlive/2023/texmf-dist/tex/xelatex/xepersian/xepersian.sty
Package: xepersian 2022/10/30 v24.8 (Release Women, Life, and Freedom) Persian 
typesetting in XeLaTeX

(c:/texlive/2023/texmf-dist/tex/latex/fontspec/fontspec.sty
(c:/texlive/2023/texmf-dist/tex/latex/l3packages/xparse/xparse.sty
(c:/texlive/2023/texmf-dist/tex/latex/l3kernel/expl3.sty
Package: expl3 2023-06-16 L3 programming layer (loader) 

(c:/texlive/2023/texmf-dist/tex/latex/l3backend/l3backend-xetex.def
File: l3backend-xetex.def 2023-04-19 L3 backend support: XeTeX
\g__graphics_track_int=\count335
\l__pdf_internal_box=\box117
\g__pdf_backend_object_int=\count336
\g__pdf_backend_annotation_int=\count337
\g__pdf_backend_link_int=\count338
))
Package: xparse 2023-02-02 L3 Experimental document command parser
)
Package: fontspec 2022/01/15 v2.8a Font selection for XeLaTeX and LuaLaTeX

(c:/texlive/2023/texmf-dist/tex/latex/fontspec/fontspec-xetex.sty
Package: fontspec-xetex 2022/01/15 v2.8a Font selection for XeLaTeX and LuaLaTe
X
\l__fontspec_script_int=\count339
\l__fontspec_language_int=\count340
\l__fontspec_strnum_int=\count341
\l__fontspec_tmp_int=\count342
\l__fontspec_tmpa_int=\count343
\l__fontspec_tmpb_int=\count344
\l__fontspec_tmpc_int=\count345
\l__fontspec_em_int=\count346
\l__fontspec_emdef_int=\count347
\l__fontspec_strong_int=\count348
\l__fontspec_strongdef_int=\count349
\l__fontspec_tmpa_dim=\dimen268
\l__fontspec_tmpb_dim=\dimen269
\l__fontspec_tmpc_dim=\dimen270

(c:/texlive/2023/texmf-dist/tex/latex/base/fontenc.sty
Package: fontenc 2021/04/29 v2.0v Standard LaTeX package
)
(c:/texlive/2023/texmf-dist/tex/latex/fontspec/fontspec.cfg)))
(c:/texlive/2023/texmf-dist/tex/xelatex/xepersian/xepersian-persiancal.sty
Package: xepersian-persiancal 2012/07/25 v0.2 provides Persian calendar
\XePersian@i=\count350
\XePersian@y=\count351
\XePersian@m=\count352
\XePersian@d=\count353
\XePersian@latini=\count354
\XePersian@persiani=\count355
\XePersian@latinii=\count356
\XePersian@persianii=\count357
\XePersian@latiniii=\count358
\XePersian@persianiii=\count359
\XePersian@latiniv=\count360
\XePersian@persianiv=\count361
\XePersian@latinv=\count362
\XePersian@persianv=\count363
\XePersian@latinvi=\count364
\XePersian@persianvi=\count365
\XePersian@latinvii=\count366
\XePersian@persianvii=\count367
\XePersian@latinviii=\count368
\XePersian@persianviii=\count369
\XePersian@latinix=\count370
\XePersian@persianix=\count371
\XePersian@latinx=\count372
\XePersian@persianx=\count373
\XePersian@latinxi=\count374
\XePersian@persianxi=\count375
\XePersian@latinxii=\count376
\XePersian@persianxii=\count377
\XePersian@persianxiii=\count378
\XePersian@temp=\count379
\XePersian@temptwo=\count380
\XePersian@tempthree=\count381
\XePersian@yModHundred=\count382
\XePersian@thirtytwo=\count383
\XePersian@dn=\count384
\XePersian@sn=\count385
\XePersian@mminusone=\count386
)
(c:/texlive/2023/texmf-dist/tex/xelatex/xepersian/xepersian-mathdigitspec.sty
Package: xepersian-mathdigitspec 2022/05/20 v1.2.0 Unicode Persian math digits 
in XeLaTeX
)
(c:/texlive/2023/texmf-dist/tex/xelatex/bidi/bidi.sty
Package: bidi 2023/01/18 v39.7 (Release Serge Lang) Bidirectional typesetting i
n plain TeX and LaTeX

****************************************************
* 
* bidi package (Bidirectional typesetting in
* plain TeX and LaTeX, using XeTeX engine)
* 
* Description: A convenient interface for
* typesetting bidirectional texts in plain TeX
* and LaTeX. The package includes adaptations
* for use with many other commonly-used packages.
* 
* Copyright (c) 2007--2023 Vafa Khalighi
* Copyright (c) 2018--2020 bidi-tex GitHub organization
* 
* v39.7 (Release Serge Lang), 2023/01/18
* 
* License: LaTeX Project Public License, version
* 1.3c or higher (your choice)
* 
* Location on CTAN: /macros/xetex/latex/bidi
* 
* Issue tracker: https://github.com/kvafa/bidi/issues
* 
* Discussions: https://github.com/kvafa/bidi/discussions
* 
* Primary author of bidi package: Vafa Khalighi.
* 
****************************************************
(c:/texlive/2023/texmf-dist/tex/xelatex/bidi/biditools.sty
Package: biditools 2022/06/15 v2.3 Programming tools for bidi package
\@bidi@envbody=\toks35
\@bidi@emptytoks=\toks36
\bidi@poscount=\count387
\bidi@tempcountb=\count388
\bidi@temptoksa=\toks37
\bidi@temptoksb=\toks38
\bidi@dummies=\count389
\bidi@are@these@correct=\toks39
\bidi@toks@lista=\toks40
\bidi@toks@listb=\toks41
\bidi@stack@length=\count390
\bidi@empty@stack=\toks42
\bidi@looprepeat@depth=\count391
)
\@bidi@copyins@=\insert252

(c:/texlive/2023/texmf-dist/tex/xelatex/bidi/latex-xetex-bidi.def
File: latex-xetex-bidi.def 2022/07/04 v1.4.9 bidi adaptations for `latex.ltx' f
or XeTeX engine
\bidi@n@everypar=\toks43
\bidi@column@check@number=\count392

(c:/texlive/2023/texmf-dist/tex/xelatex/bidi/footnote-xetex-bidi.def
File: footnote-xetex-bidi.def 2023/01/18 v1.2 bidi footnote macros for XeTeX en
gine
\c@footdir@label=\count393
\footdir@toks=\toks44
)
(c:/texlive/2023/texmf-dist/tex/xelatex/bidi/book-xetex-bidi.def
File: book-xetex-bidi.def 2017/06/09 v1.0 bidi adaptations for standard book cl
ass for XeTeX engine
)
(c:/texlive/2023/texmf-dist/tex/xelatex/bidi/amsmath-xetex-bidi.def
File: amsmath-xetex-bidi.def 2020/05/16 v1.2 bidi adaptations for amsmath packa
ge for XeTeX engine
)
(c:/texlive/2023/texmf-dist/tex/xelatex/bidi/amstext-xetex-bidi.def
File: amstext-xetex-bidi.def 2016/09/12 v0.2 bidi adaptations for amstext packa
ge for XeTeX engine
)
(c:/texlive/2023/texmf-dist/tex/xelatex/bidi/caption-xetex-bidi.def
File: caption-xetex-bidi.def 2010/07/25 v0.1 bidi adaptations for caption packa
ge for XeTeX engine
)
(c:/texlive/2023/texmf-dist/tex/xelatex/bidi/caption3-xetex-bidi.def
File: caption3-xetex-bidi.def 2013/04/01 v0.1 bidi adaptations for caption3 pac
kage for XeTeX engine
)
(c:/texlive/2023/texmf-dist/tex/xelatex/bidi/color-xetex-bidi.def
File: color-xetex-bidi.def 2013/04/08 v0.2 bidi adaptations for color package f
or XeTeX engine
LaTeX Info: Redefining \color on input line 49.
)
(c:/texlive/2023/texmf-dist/tex/xelatex/bidi/xcolor-xetex-bidi.def
File: xcolor-xetex-bidi.def 2022/06/13 v0.3 bidi adaptations for xcolor package
 for XeTeX engine
LaTeX Info: Redefining \color on input line 48.
LaTeX Info: Redefining \bidicolor on input line 91.
)
(c:/texlive/2023/texmf-dist/tex/xelatex/bidi/float-xetex-bidi.def
File: float-xetex-bidi.def 2013/04/04 v0.2 bidi adaptations for float package f
or XeTeX engine
)
(c:/texlive/2023/texmf-dist/tex/xelatex/bidi/wrapfig-xetex-bidi.def
File: wrapfig-xetex-bidi.def 2014/04/23 v0.3 bidi adaptations for wrapfig packa
ge for XeTeX engine
)
(c:/texlive/2023/texmf-dist/tex/xelatex/bidi/graphicx-xetex-bidi.def
File: graphicx-xetex-bidi.def 2017/06/17 v0.5 bidi adaptations for graphicx pac
kage for XeTeX engine
)
(c:/texlive/2023/texmf-dist/tex/xelatex/bidi/geometry-xetex-bidi.def
File: geometry-xetex-bidi.def 2017/01/14 v0.2 bidi adaptations for geometry pac
kage for XeTeX engine
)
(c:/texlive/2023/texmf-dist/tex/xelatex/bidi/hyperref-xetex-bidi.def
File: hyperref-xetex-bidi.def 2018/11/11 v1.1 bidi adaptations for hyperref pac
kage for XeTeX engine
)
(c:/texlive/2023/texmf-dist/tex/xelatex/bidi/titlesec-xetex-bidi.def
File: titlesec-xetex-bidi.def 2010/07/25 v0.1 bidi adaptations for titlesec pac
kage for XeTeX engine
)
(c:/texlive/2023/texmf-dist/tex/xelatex/bidi/array-xetex-bidi.def
File: array-xetex-bidi.def 2015/11/07 v0.3 bidi adaptations for array package f
or XeTeX engine
)
(c:/texlive/2023/texmf-dist/tex/xelatex/bidi/multicol-xetex-bidi.def
File: multicol-xetex-bidi.def 2022/07/10 v1.4 bidi adaptations for multicol pac
kage for XeTeX engine
)
(c:/texlive/2023/texmf-dist/tex/xelatex/bidi/tc-xetex-bidi.def
File: tc-xetex-bidi.def 2014/07/08 v0.1 bidi adaptations for Clipping driver fo
r XeTeX engine
))
(c:/texlive/2023/texmf-dist/tex/xelatex/bidi/loadingorder-xetex-bidi.def
File: loadingorder-xetex-bidi.def 2017/12/29 v0.97 making sure that bidi is the
 last package loaded
)
\bidi@digits=\count394
\bidi@digits@charclass=\XeTeXcharclass1
\bidi@sepmark@charclass=\XeTeXcharclass2
)
****************************************************
* 
* xepersian package (Persian for LaTeX, using XeTeX engine)
* 
* Description: The package supports Persian
* typesetting, using fonts provided in the
* distribution.
* 
* Copyright (c) 2008--2022 Vafa Khalighi
* Copyright (c) 2018--2020 bidi-tex GitHub Organization
* 
* v24.8 (Release Women, Life, and Freedom), 2022/10/30
* 
* License: LaTeX Project Public License, version
* 1.3c or higher (your choice)
* 
* Location on CTAN: /macros/xetex/latex/xepersian
* 
* Issue tracker: https://github.com/kvafa/xepersian/issues
* 
* Discussions: https://github.com/kvafa/xepersian/discussions
* 
* Primary author of xepersian package: Vafa Khalighi.
* 
****************************************************
\xepersian@tcl=\count395
\xepersian@ilg=\dimen271
\xepersian@strutilg=\dimen272
(c:/texlive/2023/texmf-dist/tex/xelatex/xepersian/loadingorder-xepersian.def
File: loadingorder-xepersian.def 2018/09/29 v0.5 making sure that xepersian is 
the last package loaded
)
(c:/texlive/2023/texmf-dist/tex/xelatex/xepersian/footnote-xepersian.def
File: footnote-xepersian.def 2017/08/09 v0.6 footnote macros for xepersian pack
age
)
(c:/texlive/2023/texmf-dist/tex/xelatex/xepersian/algorithm-xepersian.def
File: algorithm-xepersian.def 2010/07/25 v0.2 adaptations for algorithm package

)
(c:/texlive/2023/texmf-dist/tex/xelatex/xepersian/enumitem-xepersian.def
File: enumitem-xepersian.def 2017/09/06 v0.1 adaptations for enumitem package
)
(c:/texlive/2023/texmf-dist/tex/xelatex/xepersian/hyperref-xepersian.def
File: hyperref-xepersian.def 2022/10/30 v0.8 xepersian adaptations for hyperref
 package
)
(c:/texlive/2023/texmf-dist/tex/xelatex/xepersian/url-xepersian.def
File: url-xepersian.def 2022/02/18 v0.1 adaptations for url package
)
(c:/texlive/2023/texmf-dist/tex/xelatex/xepersian/book-xepersian.def
File: book-xepersian.def 2010/07/25 v0.2 adaptations for standard book class
)

Package fontspec Info: Font family 'lmroman10-regular(0)' created for font
(fontspec)             'lmroman10-regular' with options
(fontspec)             [Ligatures=TeX,Path,BoldFont={lmroman10-bold},BoldItalic
Font={lmroman10-bolditalic},ItalicFont={lmroman10-italic},SmallCapsFont={lmroma
ncaps10-regular},SlantedFont={lmromanslant10-regular},BoldSlantedFont={lmromans
lant10-bold}].
(fontspec)              
(fontspec)              This font family consists of the following NFSS
(fontspec)             series/shapes:
(fontspec)              
(fontspec)             - 'normal' (m/n) with NFSS spec.:
(fontspec)             <->"[lmroman10-regular]/OT:script=latn;language=dflt;map
ping=tex-text;"
(fontspec)             - 'small caps'  (m/sc) with NFSS spec.:
(fontspec)             <->"[lmromancaps10-regular]/OT:script=latn;language=dflt
;mapping=tex-text;"
(fontspec)             - 'bold' (b/n) with NFSS spec.:
(fontspec)             <->"[lmroman10-bold]/OT:script=latn;language=dflt;mappin
g=tex-text;"
(fontspec)             - 'bold small caps'  (b/sc) with NFSS spec.:
(fontspec)             <->"[lmromancaps10-regular]/OT:script=latn;language=dflt
;mapping=tex-text;"
(fontspec)             - 'italic' (m/it) with NFSS spec.:
(fontspec)             <->"[lmroman10-italic]/OT:script=latn;language=dflt;mapp
ing=tex-text;"
(fontspec)             - 'italic small caps'  (m/scit) with NFSS spec.:
(fontspec)             <->"[lmromancaps10-regular]/OT:script=latn;language=dflt
;mapping=tex-text;"
(fontspec)             - 'slanted' (m/sl) with NFSS spec.:
(fontspec)             <->"[lmromanslant10-regular]/OT:script=latn;language=dfl
t;mapping=tex-text;"
(fontspec)             - 'slanted small caps'  (m/scsl) with NFSS spec.:
(fontspec)             <->"[lmromancaps10-regular]/OT:script=latn;language=dflt
;mapping=tex-text;"
(fontspec)             - 'bold italic' (b/it) with NFSS spec.:
(fontspec)             <->"[lmroman10-bolditalic]/OT:script=latn;language=dflt;
mapping=tex-text;"
(fontspec)             - 'bold italic small caps'  (b/scit) with NFSS spec.:
(fontspec)             <->"[lmromancaps10-regular]/OT:script=latn;language=dflt
;mapping=tex-text;"
(fontspec)             - 'bold slanted' (b/sl) with NFSS spec.:
(fontspec)             <->"[lmromanslant10-bold]/OT:script=latn;language=dflt;m
apping=tex-text;"
(fontspec)             - 'bold slanted small caps'  (b/scsl) with NFSS spec.:
(fontspec)             <->"[lmromancaps10-regular]/OT:script=latn;language=dflt
;mapping=tex-text;"

)
(c:/texlive/2023/texmf-dist/tex/latex/algorithmicx/algpseudocode.sty
Package: algpseudocode 

Document Style - pseudocode environments for use with the `algorithmicx' style
)
*geometry* verbose mode - [ newgeometry ] result:
* driver: 
* paper: a4paper
* layout: <same size as paper>
* layoutoffset:(h,v)=(0.0pt,0.0pt)
* modes: 
* h-part:(L,W,R)=(72.26999pt, 452.9679pt, 72.26999pt)
* v-part:(T,H,B)=(72.26999pt, 693.27942pt, 79.49744pt)
* \paperwidth=597.50787pt
* \paperheight=845.04684pt
* \textwidth=452.9679pt
* \textheight=693.27942pt
* \oddsidemargin=0.0pt
* \evensidemargin=0.0pt
* \topmargin=-31.8738pt
* \headheight=12.0pt
* \headsep=19.8738pt
* \topskip=12.0pt
* \footskip=28.90755pt
* \marginparwidth=38.0pt
* \marginparsep=7.0pt
* \columnsep=10.0pt
* \skip\footins=10.8pt plus 4.0pt minus 2.0pt
* \hoffset=0.0pt
* \voffset=0.0pt
* \mag=1000
* \@twocolumnfalse
* \@twosidefalse
* \@mparswitchfalse
* \@reversemarginfalse
* (1in=72.27pt=25.4mm, 1cm=28.453pt)


Package fontspec Info: Font family 'XBNiloofar(0)' created for font 'XB
(fontspec)             Niloofar' with options
(fontspec)             [RawFeature={script=arab},Ligatures=PersianTeX,Scale=1.1
66666666666666,Extension=.ttf,BoldFont=XB
(fontspec)             NiloofarBd,ItalicFont=XB NiloofarIt,BoldItalicFont=XB
(fontspec)             NiloofarBdIt].
(fontspec)              
(fontspec)              This font family consists of the following NFSS
(fontspec)             series/shapes:
(fontspec)              
(fontspec)             - 'normal' (m/n) with NFSS spec.:
(fontspec)             <->s*[1.166666666666666]"[XB
(fontspec)             Niloofar.ttf]/OT:script=latn;language=dflt;script=arab;m
apping=persian-tex-text;"
(fontspec)             - 'small caps'  (m/sc) with NFSS spec.: 
(fontspec)             - 'bold' (b/n) with NFSS spec.:
(fontspec)             <->s*[1.166666666666666]"[XB
(fontspec)             NiloofarBd.ttf]/OT:script=latn;language=dflt;script=arab
;mapping=persian-tex-text;"
(fontspec)             - 'bold small caps'  (b/sc) with NFSS spec.: 
(fontspec)             - 'italic' (m/it) with NFSS spec.:
(fontspec)             <->s*[1.166666666666666]"[XB
(fontspec)             NiloofarIt.ttf]/OT:script=latn;language=dflt;script=arab
;mapping=persian-tex-text;"
(fontspec)             - 'italic small caps'  (m/scit) with NFSS spec.: 
(fontspec)             - 'bold italic' (b/it) with NFSS spec.:
(fontspec)             <->s*[1.166666666666666]"[XB
(fontspec)             NiloofarBdIt.ttf]/OT:script=latn;language=dflt;script=ar
ab;mapping=persian-tex-text;"
(fontspec)             - 'bold italic small caps'  (b/scit) with NFSS spec.: 

LaTeX Font Info:    Font shape `TU/XBNiloofar(0)/m/n' will be
(Font)              scaled to size 14.00006pt on input line 71.

Package fontspec Info: Font family 'XBNiloofar(1)' created for font 'XB
(fontspec)             Niloofar' with options
(fontspec)             [Ligatures=PersianTeX,Scale=1.09,Extension=.ttf].
(fontspec)              
(fontspec)              This font family consists of the following NFSS
(fontspec)             series/shapes:
(fontspec)              
(fontspec)             - 'normal' (m/n) with NFSS spec.: <->s*[1.09]"[XB
(fontspec)             Niloofar.ttf]/OT:script=latn;language=dflt;mapping=persi
an-tex-text;"
(fontspec)             - 'small caps'  (m/sc) with NFSS spec.: 

Package xepersian-mathdigitspec Info: DefiningthedefaultPersianmathdigitsfontas
'XB Niloofar' on input line 78.
\symOPERATORS=\mathgroup6
\symnew@mathbf@font@digits=\mathgroup7
\symnew@mathit@font@digits=\mathgroup8
\symnew@mathrm@font@digits=\mathgroup9

Package fontspec Info: Font family 'XBKayhanPook(0)' created for font 'XB
(fontspec)             Kayhan Pook' with options
(fontspec)             [RawFeature={script=arab},Ligatures=PersianTeX,Scale=1,E
xtension=.ttf].
(fontspec)              
(fontspec)              This font family consists of the following NFSS
(fontspec)             series/shapes:
(fontspec)              
(fontspec)             - 'normal' (m/n) with NFSS spec.: <->s*[1]"[XB Kayhan
(fontspec)             Pook.ttf]/OT:script=latn;language=dflt;script=arab;mappi
ng=persian-tex-text;"
(fontspec)             - 'small caps'  (m/sc) with NFSS spec.: 

) (./styles/custom.tex)
Package translations Info: No language package found. I am going to use `englis
h' as default language. on input line 18.
 (./thesis.aux (./front/info.aux)
(./front/template/title.aux) (./front/template/signatures.aux)
(./front/template/declaration.aux) (./front/acknowledge.aux)
(./front/abstract.aux) (./chapters/introduction.aux)
(./chapters/preliminaries.aux) (./chapters/literature.aux)
(./chapters/results.aux) (./chapters/conclusions.aux) (./bibs/bibs.aux)
(./front/dictionary.aux) (./chapters/appendix.aux) (./front/abstract-eng.aux)
(./front/template/title-eng.aux))
\openout1 = `thesis.aux'.

LaTeX Font Info:    Checking defaults for OML/cmm/m/it on input line 18.
LaTeX Font Info:    ... okay on input line 18.
LaTeX Font Info:    Checking defaults for OMS/cmsy/m/n on input line 18.
LaTeX Font Info:    ... okay on input line 18.
LaTeX Font Info:    Checking defaults for OT1/cmr/m/n on input line 18.
LaTeX Font Info:    ... okay on input line 18.
LaTeX Font Info:    Checking defaults for T1/cmr/m/n on input line 18.
LaTeX Font Info:    ... okay on input line 18.
LaTeX Font Info:    Checking defaults for TS1/cmr/m/n on input line 18.
LaTeX Font Info:    Trying to load font information for TS1+cmr on input line 1
8.

(c:/texlive/2023/texmf-dist/tex/latex/base/ts1cmr.fd
File: ts1cmr.fd 2023/04/13 v2.5m Standard LaTeX font definitions
)
LaTeX Font Info:    ... okay on input line 18.
LaTeX Font Info:    Checking defaults for TU/lmr/m/n on input line 18.
LaTeX Font Info:    ... okay on input line 18.
LaTeX Font Info:    Checking defaults for OMX/cmex/m/n on input line 18.
LaTeX Font Info:    ... okay on input line 18.
LaTeX Font Info:    Checking defaults for U/cmr/m/n on input line 18.
LaTeX Font Info:    ... okay on input line 18.
LaTeX Font Info:    Checking defaults for PD1/pdf/m/n on input line 18.
LaTeX Font Info:    ... okay on input line 18.
LaTeX Font Info:    Checking defaults for PU/pdf/m/n on input line 18.
LaTeX Font Info:    ... okay on input line 18.
Package hyperref Info: Link coloring ON on input line 18.
 (./thesis.out)
(./thesis.out)
\@outlinefile=\write4
\openout4 = `thesis.out'.


(c:/texlive/2023/texmf-dist/tex/latex/translations/translations-basic-dictionar
y-english.trsl
File: translations-basic-dictionary-english.trsl (english translation file `tra
nslations-basic-dictionary')
)
Package caption Info: Begin \AtBeginDocument code.
Package caption Info: subfig package v1.3 is loaded.
Package caption Info: wrapfig package is loaded.
Package caption Info: End \AtBeginDocument code.

*geometry* driver: auto-detecting
*geometry* detected driver: xetex
*geometry* verbose mode - [ preamble ] result:
* driver: xetex
* paper: a4paper
* layout: <same size as paper>
* layoutoffset:(h,v)=(0.0pt,0.0pt)
* modes: 
* h-part:(L,W,R)=(72.26999pt, 452.9679pt, 72.26999pt)
* v-part:(T,H,B)=(72.26999pt, 693.27942pt, 79.49744pt)
* \paperwidth=597.50787pt
* \paperheight=845.04684pt
* \textwidth=452.9679pt
* \textheight=693.27942pt
* \oddsidemargin=0.0pt
* \evensidemargin=0.0pt
* \topmargin=-31.8738pt
* \headheight=12.0pt
* \headsep=19.8738pt
* \topskip=12.0pt
* \footskip=28.90755pt
* \marginparwidth=38.0pt
* \marginparsep=7.0pt
* \columnsep=10.0pt
* \skip\footins=10.8pt plus 4.0pt minus 2.0pt
* \hoffset=0.0pt
* \voffset=0.0pt
* \mag=1000
* \@twocolumnfalse
* \@twosidefalse
* \@mparswitchfalse
* \@reversemarginfalse
* (1in=72.27pt=25.4mm, 1cm=28.453pt)

\openout2 = `front/info.aux'.

(./front/info.tex)
\openout2 = `front/template/title.aux'.

 (./front/template/title.tex
File: front/template/images/logo.png Graphic file (type bmp)
<front/template/images/logo.png>
LaTeX Font Info:    Font shape `TU/XBNiloofar(0)/m/n' will be
(Font)              scaled to size 16.80006pt on input line 10.
LaTeX Font Info:    Font shape `TU/XBNiloofar(0)/m/n' will be
(Font)              scaled to size 24.19678pt on input line 21.
LaTeX Font Info:    Font shape `TU/XBNiloofar(0)/b/n' will be
(Font)              scaled to size 24.19678pt on input line 21.
LaTeX Font Info:    Font shape `TU/XBNiloofar(0)/b/n' will be
(Font)              scaled to size 16.80006pt on input line 26.
LaTeX Font Info:    Font shape `TU/XBNiloofar(1)/m/n' will be
(Font)              scaled to size 13.07996pt on input line 35.
 [1






])
(./front/template/besmellah.tex
File: front/template/images/besmellah.jpg Graphic file (type bmp)
<front/template/images/besmellah.jpg>
) [2


]
\openout2 = `front/template/signatures.aux'.

 (./front/template/signatures.tex
LaTeX Font Info:    Font shape `TU/XBNiloofar(0)/b/n' will be
(Font)              scaled to size 14.00006pt on input line 11.
LaTeX Font Info:    Trying to load font information for U+msa on input line 37.


(c:/texlive/2023/texmf-dist/tex/latex/amsfonts/umsa.fd
File: umsa.fd 2013/01/14 v3.01 AMS symbols A
)
LaTeX Font Info:    Trying to load font information for U+msb on input line 37.


(c:/texlive/2023/texmf-dist/tex/latex/amsfonts/umsb.fd
File: umsb.fd 2013/01/14 v3.01 AMS symbols B
)
LaTeX Font Info:    Font shape `TU/XBNiloofar(1)/m/n' will be
(Font)              scaled to size 15.69594pt on input line 37.
LaTeX Font Info:    Font shape `TU/XBNiloofar(1)/m/n' will be
(Font)              scaled to size 10.89996pt on input line 37.
LaTeX Font Info:    Font shape `TU/XBNiloofar(1)/m/n' will be
(Font)              scaled to size 7.62997pt on input line 37.


LaTeX Font Warning: Font shape `TU/XBNiloofar(1)/bx/n' undefined
(Font)              using `TU/XBNiloofar(1)/m/n' instead on input line 37.

LaTeX Font Info:    Font shape `TU/XBNiloofar(1)/bx/n' will be
(Font)              scaled to size 10.89996pt on input line 37.
LaTeX Font Info:    Font shape `TU/XBNiloofar(1)/bx/n' will be
(Font)              scaled to size 7.62997pt on input line 37.

LaTeX Font Warning: Font shape `TU/XBNiloofar(1)/m/it' undefined
(Font)              using `TU/XBNiloofar(1)/m/n' instead on input line 37.

LaTeX Font Info:    Font shape `TU/XBNiloofar(1)/m/it' will be
(Font)              scaled to size 10.89996pt on input line 37.
LaTeX Font Info:    Font shape `TU/XBNiloofar(1)/m/it' will be
(Font)              scaled to size 7.62997pt on input line 37.
[3

])
\openout2 = `front/template/declaration.aux'.

 (./front/template/declaration.tex
LaTeX Font Info:    Font shape `TU/XBNiloofar(0)/m/n' will be
(Font)              scaled to size 12.77504pt on input line 7.
File: front/template/images/logo.png Graphic file (type bmp)
<front/template/images/logo.png>
LaTeX Font Info:    Font shape `TU/XBNiloofar(1)/m/n' will be
(Font)              scaled to size 11.93546pt on input line 27.

Underfull \hbox (badness 10000) in paragraph at lines 33--39
[][]
 []


Underfull \hbox (badness 10000) in paragraph at lines 33--39
[][]
 []


Underfull \hbox (badness 10000) in paragraph at lines 33--39
[][]
 []

Missing character: There is no ‫ (U+202B) in font [XB Niloofar.ttf]/OT:script=l
atn;language=dflt;script=arab;mapping=persian-tex-text;!
Missing character: There is no ‫ (U+202B) in font [XB Niloofar.ttf]/OT:script=l
atn;language=dflt;script=arab;mapping=persian-tex-text;!

Underfull \hbox (badness 10000) in paragraph at lines 46--49
[][]
 []


Underfull \hbox (badness 10000) in paragraph at lines 50--53
[][]
 []

[4



])
\openout2 = `front/acknowledge.aux'.

 (./front/acknowledge.tex
Missing character: There is no ‫ (U+202B) in font [XB Niloofar.ttf]/OT:script=l
atn;language=dflt;script=arab;mapping=persian-tex-text;!
Missing character: There is no ‫ (U+202B) in font [XB Niloofar.ttf]/OT:script=l
atn;language=dflt;script=arab;mapping=persian-tex-text;!
Missing character: There is no ‫ (U+202B) in font [XB Niloofar.ttf]/OT:script=l
atn;language=dflt;script=arab;mapping=persian-tex-text;!
Missing character: There is no ‫ (U+202B) in font [XB Niloofar.ttf]/OT:script=l
atn;language=dflt;script=arab;mapping=persian-tex-text;!
Missing character: There is no ‫ (U+202B) in font [XB Niloofar.ttf]/OT:script=l
atn;language=dflt;script=arab;mapping=persian-tex-text;!
Missing character: There is no ‫ (U+202B) in font [XB Niloofar.ttf]/OT:script=l
atn;language=dflt;script=arab;mapping=persian-tex-text;!
) [1



]
\openout2 = `front/abstract.aux'.

 (./front/abstract.tex
Missing character: There is no ‫ (U+202B) in font [XB Niloofar.ttf]/OT:script=l
atn;language=dflt;script=arab;mapping=persian-tex-text;!
Missing character: There is no ‫ (U+202B) in font [XB Niloofar.ttf]/OT:script=l
atn;language=dflt;script=arab;mapping=persian-tex-text;!
Missing character: There is no ‫ (U+202B) in font [XB Niloofar.ttf]/OT:script=l
atn;language=dflt;script=arab;mapping=persian-tex-text;!
Missing character: There is no ‫ (U+202B) in font [XB Niloofar.ttf]/OT:script=l
atn;language=dflt;script=arab;mapping=persian-tex-text;!
Missing character: There is no ‫ (U+202B) in font [XB Niloofar.ttf]/OT:script=l
atn;language=dflt;script=arab;mapping=persian-tex-text;!
Missing character: There is no ‫ (U+202B) in font [XB Niloofar.ttf]/OT:script=l
atn;language=dflt;script=arab;mapping=persian-tex-text;!
Missing character: There is no ‫ (U+202B) in font [XB Niloofar.ttf]/OT:script=l
atn;language=dflt;script=arab;mapping=persian-tex-text;!
Missing character: There is no ‫ (U+202B) in font [XB Niloofar.ttf]/OT:script=l
atn;language=dflt;script=arab;mapping=persian-tex-text;!
Missing character: There is no ‫ (U+202B) in font [XB Niloofar.ttf]/OT:script=l
atn;language=dflt;script=arab;mapping=persian-tex-text;!
Missing character: There is no ‫ (U+202B) in font [XB Niloofar.ttf]/OT:script=l
atn;language=dflt;script=arab;mapping=persian-tex-text;!
Missing character: There is no ‫ (U+202B) in font [XB Niloofar.ttf]/OT:script=l
atn;language=dflt;script=arab;mapping=persian-tex-text;!
Missing character: There is no ‫ (U+202B) in font [XB Niloofar.ttf]/OT:script=l
atn;language=dflt;script=arab;mapping=persian-tex-text;!
Missing character: There is no ‫ (U+202B) in font [XB Niloofar.ttf]/OT:script=l
atn;language=dflt;script=arab;mapping=persian-tex-text;!
Missing character: There is no ‫ (U+202B) in font [XB Niloofar.ttf]/OT:script=l
atn;language=dflt;script=arab;mapping=persian-tex-text;!
Missing character: There is no ‫ (U+202B) in font [XB Niloofar.ttf]/OT:script=l
atn;language=dflt;script=arab;mapping=persian-tex-text;!
) [2



]
LaTeX Font Info:    Font shape `TU/XBNiloofar(0)/m/n' will be
(Font)              scaled to size 29.0268pt on input line 41.
LaTeX Font Info:    Font shape `TU/XBNiloofar(0)/b/n' will be
(Font)              scaled to size 29.0268pt on input line 41.
 (./thesis.toc

LaTeX Font Warning: Font shape `TU/XBNiloofar(1)/b/n' undefined
(Font)              using `TU/XBNiloofar(1)/m/n' instead on input line 1.

LaTeX Font Info:    Font shape `TU/XBNiloofar(1)/b/n' will be
(Font)              scaled to size 13.07996pt on input line 1.
LaTeX Font Info:    Font shape `TU/XBNiloofar(1)/m/n' will be
(Font)              scaled to size 8.71997pt on input line 2.
LaTeX Font Info:    Font shape `TU/XBNiloofar(1)/m/n' will be
(Font)              scaled to size 6.53998pt on input line 2.
LaTeX Font Info:    Font shape `TU/XBNiloofar(1)/bx/n' will be
(Font)              scaled to size 13.07996pt on input line 2.
LaTeX Font Info:    Font shape `TU/XBNiloofar(1)/bx/n' will be
(Font)              scaled to size 8.71997pt on input line 2.
LaTeX Font Info:    Font shape `TU/XBNiloofar(1)/bx/n' will be
(Font)              scaled to size 6.53998pt on input line 2.
LaTeX Font Info:    Font shape `TU/XBNiloofar(1)/m/it' will be
(Font)              scaled to size 13.07996pt on input line 2.
LaTeX Font Info:    Font shape `TU/XBNiloofar(1)/m/it' will be
(Font)              scaled to size 8.71997pt on input line 2.
LaTeX Font Info:    Font shape `TU/XBNiloofar(1)/m/it' will be
(Font)              scaled to size 6.53998pt on input line 2.
)
\tf@toc=\write5
\openout5 = `thesis.toc'.

 [3



] (./thesis.lot)
\tf@lot=\write6
\openout6 = `thesis.lot'.

 [4

] (./thesis.lof)
\tf@lof=\write7
\openout7 = `thesis.lof'.

 [5

]
\openout2 = `chapters/introduction.aux'.

 (./chapters/introduction.tex
Missing character: There is no ‫ (U+202B) in font [XB Niloofar.ttf]/OT:script=l
atn;language=dflt;script=arab;mapping=persian-tex-text;!
[1

]
فصل 1.
LaTeX Font Info:    Font shape `TU/XBNiloofar(1)/b/n' will be
(Font)              scaled to size 27.11911pt on input line 2.
Missing character: There is no ‫ (U+202B) in font [XB Niloofar.ttf]/OT:script=l
atn;language=dflt;script=arab;mapping=persian-tex-text;!
Missing character: There is no ‫ (U+202B) in font [XB Niloofar.ttf]/OT:script=l
atn;language=dflt;script=arab;mapping=persian-tex-text;!
Missing character: There is no ‫ (U+202B) in font [XB Niloofar.ttf]/OT:script=l
atn;language=dflt;script=arab;mapping=persian-tex-text;!
Missing character: There is no ‫ (U+202B) in font [XB Niloofar.ttf]/OT:script=l
atn;language=dflt;script=arab;mapping=persian-tex-text;!
Missing character: There is no ‫ (U+202B) in font [XB Niloofar.ttf]/OT:script=l
atn;language=dflt;script=arab;mapping=persian-tex-text;!
Missing character: There is no ‫ (U+202B) in font [XB Niloofar.ttf]/OT:script=l
atn;language=dflt;script=arab;mapping=persian-tex-text;!
LaTeX Font Info:    Font shape `TU/XBNiloofar(0)/m/n' will be
(Font)              scaled to size 20.16008pt on input line 8.
LaTeX Font Info:    Font shape `TU/XBNiloofar(0)/b/n' will be
(Font)              scaled to size 20.16008pt on input line 8.
LaTeX Font Info:    Font shape `TU/XBNiloofar(1)/b/n' will be
(Font)              scaled to size 18.83513pt on input line 8.
Missing character: There is no ‫ (U+202B) in font [XB Niloofar.ttf]/OT:script=l
atn;language=dflt;script=arab;mapping=persian-tex-text;!
Missing character: There is no ‫ (U+202B) in font [XB Niloofar.ttf]/OT:script=l
atn;language=dflt;script=arab;mapping=persian-tex-text;!
Missing character: There is no ‫ (U+202B) in font [XB Niloofar.ttf]/OT:script=l
atn;language=dflt;script=arab;mapping=persian-tex-text;!
Missing character: There is no ‫ (U+202B) in font [XB Niloofar.ttf]/OT:script=l
atn;language=dflt;script=arab;mapping=persian-tex-text;!
Missing character: There is no ‫ (U+202B) in font [XB Niloofar.ttf]/OT:script=l
atn;language=dflt;script=arab;mapping=persian-tex-text;!
Missing character: There is no ‫ (U+202B) in font [XB Niloofar.ttf]/OT:script=l
atn;language=dflt;script=arab;mapping=persian-tex-text;!
Missing character: There is no ‫ (U+202B) in font [XB Niloofar.ttf]/OT:script=l
atn;language=dflt;script=arab;mapping=persian-tex-text;!
Missing character: There is no ‫ (U+202B) in font [XB Niloofar.ttf]/OT:script=l
atn;language=dflt;script=arab;mapping=persian-tex-text;!
Missing character: There is no ‫ (U+202B) in font [XB Niloofar.ttf]/OT:script=l
atn;language=dflt;script=arab;mapping=persian-tex-text;!
Missing character: There is no ‫ (U+202B) in font [XB Niloofar.ttf]/OT:script=l
atn;language=dflt;script=arab;mapping=persian-tex-text;!
Missing character: There is no ‫ (U+202B) in font [XB Niloofar.ttf]/OT:script=l
atn;language=dflt;script=arab;mapping=persian-tex-text;!
Missing character: There is no ‫ (U+202B) in font [XB Niloofar.ttf]/OT:script=l
atn;language=dflt;script=arab;mapping=persian-tex-text;!
Missing character: There is no ‫ (U+202B) in font [XB Niloofar.ttf]/OT:script=l
atn;language=dflt;script=arab;mapping=persian-tex-text;!
Missing character: There is no ‫ (U+202B) in font [XB Niloofar.ttf]/OT:script=l
atn;language=dflt;script=arab;mapping=persian-tex-text;!
Missing character: There is no ‫ (U+202B) in font [XB Niloofar.ttf]/OT:script=l
atn;language=dflt;script=arab;mapping=persian-tex-text;!
Missing character: There is no ‫ (U+202B) in font [XB Niloofar.ttf]/OT:script=l
atn;language=dflt;script=arab;mapping=persian-tex-text;!
Missing character: There is no ‫ (U+202B) in font [XB Niloofar.ttf]/OT:script=l
atn;language=dflt;script=arab;mapping=persian-tex-text;!
Missing character: There is no ‫ (U+202B) in font [XB Niloofar.ttf]/OT:script=l
atn;language=dflt;script=arab;mapping=persian-tex-text;!
Missing character: There is no ‫ (U+202B) in font [XB Niloofar.ttf]/OT:script=l
atn;language=dflt;script=arab;mapping=persian-tex-text;!
Missing character: There is no ‫ (U+202B) in font [XB Niloofar.ttf]/OT:script=l
atn;language=dflt;script=arab;mapping=persian-tex-text;!
Missing character: There is no ‫ (U+202B) in font [XB Niloofar.ttf]/OT:script=l
atn;language=dflt;script=arab;mapping=persian-tex-text;!
[2

]
Missing character: There is no ‫ (U+202B) in font [XB Niloofar.ttf]/OT:script=l
atn;language=dflt;script=arab;mapping=persian-tex-text;!
Missing character: There is no ‫ (U+202B) in font [XB Niloofar.ttf]/OT:script=l
atn;language=dflt;script=arab;mapping=persian-tex-text;!
Missing character: There is no ‫ (U+202B) in font [XB Niloofar.ttf]/OT:script=l
atn;language=dflt;script=arab;mapping=persian-tex-text;!
Missing character: There is no ‫ (U+202B) in font [XB Niloofar.ttf]/OT:script=l
atn;language=dflt;script=arab;mapping=persian-tex-text;!
Missing character: There is no ‫ (U+202B) in font [XB Niloofar.ttf]/OT:script=l
atn;language=dflt;script=arab;mapping=persian-tex-text;!
Missing character: There is no ‫ (U+202B) in font [XB Niloofar.ttf]/OT:script=l
atn;language=dflt;script=arab;mapping=persian-tex-text;!
Missing character: There is no ‫ (U+202B) in font [XB Niloofar.ttf]/OT:script=l
atn;language=dflt;script=arab;mapping=persian-tex-text;!
Missing character: There is no ‫ (U+202B) in font [XB Niloofar.ttf]/OT:script=l
atn;language=dflt;script=arab;mapping=persian-tex-text;!
Missing character: There is no ‫ (U+202B) in font [XB Niloofar.ttf]/OT:script=l
atn;language=dflt;script=arab;mapping=persian-tex-text;!
Missing character: There is no ‫ (U+202B) in font [XB Niloofar.ttf]/OT:script=l
atn;language=dflt;script=arab;mapping=persian-tex-text;!
Missing character: There is no ‫ (U+202B) in font [XB Niloofar.ttf]/OT:script=l
atn;language=dflt;script=arab;mapping=persian-tex-text;!
Missing character: There is no ‫ (U+202B) in font [XB Niloofar.ttf]/OT:script=l
atn;language=dflt;script=arab;mapping=persian-tex-text;!
Missing character: There is no ‫ (U+202B) in font [XB Niloofar.ttf]/OT:script=l
atn;language=dflt;script=arab;mapping=persian-tex-text;!
Missing character: There is no ‫ (U+202B) in font [XB Niloofar.ttf]/OT:script=l
atn;language=dflt;script=arab;mapping=persian-tex-text;!
Missing character: There is no ‫ (U+202B) in font [XB Niloofar.ttf]/OT:script=l
atn;language=dflt;script=arab;mapping=persian-tex-text;!
Missing character: There is no ‫ (U+202B) in font [XB Niloofar.ttf]/OT:script=l
atn;language=dflt;script=arab;mapping=persian-tex-text;!
Missing character: There is no ‫ (U+202B) in font [XB Niloofar.ttf]/OT:script=l
atn;language=dflt;script=arab;mapping=persian-tex-text;!
) [3]
\openout2 = `chapters/preliminaries.aux'.

 (./chapters/preliminaries.tex
فصل 2.
Missing character: There is no ‫ (U+202B) in font [XB Niloofar.ttf]/OT:script=l
atn;language=dflt;script=arab;mapping=persian-tex-text;!
Missing character: There is no ‫ (U+202B) in font [XB Niloofar.ttf]/OT:script=l
atn;language=dflt;script=arab;mapping=persian-tex-text;!
) [4




]
\openout2 = `chapters/literature.aux'.

 (./chapters/literature.tex
فصل 3.
) [5




]
\openout2 = `chapters/results.aux'.

 (./chapters/results.tex
فصل 4.
Missing character: There is no ‫ (U+202B) in font [XB Niloofar.ttf]/OT:script=l
atn;language=dflt;script=arab;mapping=persian-tex-text;!
Missing character: There is no ‫ (U+202B) in font [XB Niloofar.ttf]/OT:script=l
atn;language=dflt;script=arab;mapping=persian-tex-text;!
Missing character: There is no ‫ (U+202B) in font [XB Niloofar.ttf]/OT:script=l
atn;language=dflt;script=arab;mapping=persian-tex-text;!
Missing character: There is no ‫ (U+202B) in font [XB Niloofar.ttf]/OT:script=l
atn;language=dflt;script=arab;mapping=persian-tex-text;!
Missing character: There is no ‫ (U+202B) in font [XB Niloofar.ttf]/OT:script=l
atn;language=dflt;script=arab;mapping=persian-tex-text;!
) [6




]
\openout2 = `chapters/conclusions.aux'.

 (./chapters/conclusions.tex
فصل 5.
Missing character: There is no ‫ (U+202B) in font [XB Niloofar.ttf]/OT:script=l
atn;language=dflt;script=arab;mapping=persian-tex-text;!
Missing character: There is no ‫ (U+202B) in font [XB Niloofar.ttf]/OT:script=l
atn;language=dflt;script=arab;mapping=persian-tex-text;!
) [7




]
\openout2 = `bibs/bibs.aux'.

 (./bibs/bibs.tex (./thesis.bbl

LaTeX Warning: Empty `thebibliography' environment on input line 6.

)) [8





]
\openout2 = `front/dictionary.aux'.

 (./front/dictionary.tex
LaTeX Font Info:    Font shape `TU/XBNiloofar(0)/b/n' will be
(Font)              scaled to size 12.77504pt on input line 10.
LaTeX Font Info:    Font shape `TU/XBNiloofar(1)/bx/n' will be
(Font)              scaled to size 11.93546pt on input line 10.
LaTeX Font Info:    Font shape `TU/XBNiloofar(1)/m/it' will be
(Font)              scaled to size 11.93546pt on input line 10.

Overfull \hbox (18.0pt too wide) in paragraph at lines 10--18
[][]$[]$[]
 []


Underfull \hbox (badness 10000) in paragraph at lines 10--18
[][]
 []


Overfull \hbox (18.0pt too wide) in paragraph at lines 19--24
[][]$[]$[]
 []


Underfull \hbox (badness 10000) in paragraph at lines 19--24
[][]
 []


Overfull \hbox (18.0pt too wide) in paragraph at lines 25--30
[][]$[]$[]
 []


Underfull \hbox (badness 10000) in paragraph at lines 25--30
[][]
 []


Overfull \hbox (18.0pt too wide) in paragraph at lines 31--38
[][]$[]$[]
 []


Underfull \hbox (badness 10000) in paragraph at lines 31--38
[][]
 []


Overfull \hbox (18.0pt too wide) in paragraph at lines 39--43
[][]$[]$[]
 []


Underfull \hbox (badness 10000) in paragraph at lines 39--43
[][]
 []


Overfull \hbox (18.0pt too wide) in paragraph at lines 44--47
[][]$[]$[]
 []


Underfull \hbox (badness 10000) in paragraph at lines 44--47
[][]
 []


Overfull \hbox (18.0pt too wide) in paragraph at lines 48--51
[][]$[]$[]
 []


Underfull \hbox (badness 10000) in paragraph at lines 48--51
[][]
 []

) [9





]
\openout2 = `chapters/appendix.aux'.

 (./chapters/appendix.tex
پیوست آ.
Missing character: There is no ‫ (U+202B) in font [XB Niloofar.ttf]/OT:script=l
atn;language=dflt;script=arab;mapping=persian-tex-text;!
) [10




]
\openout2 = `front/abstract-eng.aux'.

 (./front/abstract-eng.tex) [11



]
\openout2 = `front/template/title-eng.aux'.

 (./front/template/title-eng.tex
File: front/template/images/logo.png Graphic file (type bmp)
<front/template/images/logo.png>
)
[12



] (./thesis.aux (./front/info.aux) (./front/template/title.aux)
(./front/template/signatures.aux) (./front/template/declaration.aux)
(./front/acknowledge.aux) (./front/abstract.aux) (./chapters/introduction.aux)
(./chapters/preliminaries.aux) (./chapters/literature.aux)
(./chapters/results.aux) (./chapters/conclusions.aux) (./bibs/bibs.aux)
(./front/dictionary.aux) (./chapters/appendix.aux) (./front/abstract-eng.aux)
(./front/template/title-eng.aux))
 ***********
LaTeX2e <2023-06-01> patch level 1
L3 programming layer <2023-06-16>
 ***********


LaTeX Font Warning: Some font shapes were not available, defaults substituted.

Package rerunfilecheck Info: File `thesis.out' has not changed.
(rerunfilecheck)             Checksum: 3B6690B5DAD5619C4FCD4839A3637E19;1681.
 ) 
Here is how much of TeX's memory you used:
 23479 strings out of 476376
 497794 string characters out of 5799322
 1856394 words of memory out of 5000000
 43476 multiletter control sequences out of 15000+600000
 522955 words of font info for 122 fonts, out of 8000000 for 9000
 1348 hyphenation exceptions out of 8191
 99i,10n,110p,2403b,901s stack positions out of 10000i,1000n,20000p,200000b,200000s

Output written on thesis.pdf (21 pages).
